# JRE version: OpenJDK Runtime Environment Temurin-17.0.4.1+1 (17.0.4.1+1) (build 17.0.4.1+1)
# Java VM: OpenJDK 64-Bit Server VM Temurin-17.0.4.1+1 (17.0.4.1+1, mixed mode, sharing, tiered, compressed oops, compressed class ptrs, g1 gc, windows-amd64)
GC Precious Log:
 CPUs: 16 total, 16 available
 Memory: 16163M
 Large Page Support: Disabled
 NUMA Support: Disabled
 Compressed Oops: Enabled (32-bit)
 Heap Region Size: 1M
 Heap Min Capacity: 8M
 Heap Initial Capacity: 254M
 Heap Max Capacity: 2G
 Pre-touch: Disabled
 Parallel Workers: 13
 Concurrent Workers: 3
 Concurrent Refinement Workers: 13
 Periodic GC: Disabled
Heap:
 garbage-first heap   total 217088K, used 116909K [0x0000000080000000, 0x0000000100000000)
  region size 1024K, 29 young (29696K), 2 survivors (2048K)
 Metaspace       used 117632K, committed 118208K, reserved 528384K
  class space    used 14966K, committed 15232K, reserved 421888K
GC Heap History (20 events):
Event: 29.171 GC heap before
{Heap before GC invocations=64 (full 0):
 garbage-first heap   total 390144K, used 296251K [0x0000000080000000, 0x0000000100000000)
  region size 1024K, 228 young (233472K), 5 survivors (5120K)
 Metaspace       used 47924K, committed 48448K, reserved 471040K
  class space    used 6409K, committed 6656K, reserved 421888K
}
Event: 29.173 GC heap after
{Heap after GC invocations=65 (full 0):
 garbage-first heap   total 390144K, used 60380K [0x0000000080000000, 0x0000000100000000)
  region size 1024K, 4 young (4096K), 4 survivors (4096K)
 Metaspace       used 47924K, committed 48448K, reserved 471040K
  class space    used 6409K, committed 6656K, reserved 421888K
}
Event: 30.922 GC heap before
{Heap before GC invocations=65 (full 0):
 garbage-first heap   total 390144K, used 228316K [0x0000000080000000, 0x0000000100000000)
  region size 1024K, 168 young (172032K), 4 survivors (4096K)
 Metaspace       used 59742K, committed 60288K, reserved 479232K
  class space    used 8357K, committed 8640K, reserved 421888K
}
Event: 30.927 GC heap after
{Heap after GC invocations=66 (full 0):
 garbage-first heap   total 390144K, used 62203K [0x0000000080000000, 0x0000000100000000)
  region size 1024K, 6 young (6144K), 6 survivors (6144K)
 Metaspace       used 59742K, committed 60288K, reserved 479232K
  class space    used 8357K, committed 8640K, reserved 421888K
}
Event: 32.187 GC heap before
{Heap before GC invocations=67 (full 0):
 garbage-first heap   total 215040K, used 198395K [0x0000000080000000, 0x0000000100000000)
  region size 1024K, 126 young (129024K), 6 survivors (6144K)
 Metaspace       used 70406K, committed 70976K, reserved 487424K
  class space    used 9620K, committed 9856K, reserved 421888K
}
Event: 32.195 GC heap after
{Heap after GC invocations=68 (full 0):
 garbage-first heap   total 217088K, used 79238K [0x0000000080000000, 0x0000000100000000)
  region size 1024K, 16 young (16384K), 16 survivors (16384K)
 Metaspace       used 70406K, committed 70976K, reserved 487424K
  class space    used 9620K, committed 9856K, reserved 421888K
}
Event: 32.209 GC heap before
{Heap before GC invocations=68 (full 0):
 garbage-first heap   total 217088K, used 80262K [0x0000000080000000, 0x0000000100000000)
  region size 1024K, 17 young (17408K), 16 survivors (16384K)
 Metaspace       used 70451K, committed 70976K, reserved 487424K
  class space    used 9627K, committed 9856K, reserved 421888K
}
Event: 32.215 GC heap after
{Heap after GC invocations=69 (full 0):
 garbage-first heap   total 217088K, used 72699K [0x0000000080000000, 0x0000000100000000)
  region size 1024K, 2 young (2048K), 2 survivors (2048K)
 Metaspace       used 70451K, committed 70976K, reserved 487424K
  class space    used 9627K, committed 9856K, reserved 421888K
}
Event: 33.302 GC heap before
{Heap before GC invocations=69 (full 0):
 garbage-first heap   total 217088K, used 176123K [0x0000000080000000, 0x0000000100000000)
  region size 1024K, 103 young (105472K), 2 survivors (2048K)
 Metaspace       used 82307K, committed 82880K, reserved 495616K
  class space    used 10918K, committed 11200K, reserved 421888K
}
Event: 33.306 GC heap after
{Heap after GC invocations=70 (full 0):
 garbage-first heap   total 217088K, used 76724K [0x0000000080000000, 0x0000000100000000)
  region size 1024K, 6 young (6144K), 6 survivors (6144K)
 Metaspace       used 82307K, committed 82880K, reserved 495616K
  class space    used 10918K, committed 11200K, reserved 421888K
}
Event: 34.292 GC heap before
{Heap before GC invocations=70 (full 0):
 garbage-first heap   total 217088K, used 177076K [0x0000000080000000, 0x0000000100000000)
  region size 1024K, 103 young (105472K), 6 survivors (6144K)
 Metaspace       used 88254K, committed 88832K, reserved 503808K
  class space    used 11537K, committed 11776K, reserved 421888K
}
Event: 34.299 GC heap after
{Heap after GC invocations=71 (full 0):
 garbage-first heap   total 217088K, used 82867K [0x0000000080000000, 0x0000000100000000)
  region size 1024K, 12 young (12288K), 12 survivors (12288K)
 Metaspace       used 88254K, committed 88832K, reserved 503808K
  class space    used 11537K, committed 11776K, reserved 421888K
}
Event: 35.357 GC heap before
{Heap before GC invocations=71 (full 0):
 garbage-first heap   total 217088K, used 175027K [0x0000000080000000, 0x0000000100000000)
  region size 1024K, 102 young (104448K), 12 survivors (12288K)
 Metaspace       used 99186K, committed 99712K, reserved 512000K
  class space    used 12702K, committed 12928K, reserved 421888K
}
Event: 35.362 GC heap after
{Heap after GC invocations=72 (full 0):
 garbage-first heap   total 217088K, used 87279K [0x0000000080000000, 0x0000000100000000)
  region size 1024K, 11 young (11264K), 11 survivors (11264K)
 Metaspace       used 99186K, committed 99712K, reserved 512000K
  class space    used 12702K, committed 12928K, reserved 421888K
}
Event: 35.422 GC heap before
{Heap before GC invocations=72 (full 0):
 garbage-first heap   total 217088K, used 93423K [0x0000000080000000, 0x0000000100000000)
  region size 1024K, 18 young (18432K), 11 survivors (11264K)
 Metaspace       used 100186K, committed 100736K, reserved 512000K
  class space    used 12809K, committed 13056K, reserved 421888K
}
Event: 35.427 GC heap after
{Heap after GC invocations=73 (full 0):
 garbage-first heap   total 217088K, used 88144K [0x0000000080000000, 0x0000000100000000)
  region size 1024K, 6 young (6144K), 6 survivors (6144K)
 Metaspace       used 100186K, committed 100736K, reserved 512000K
  class space    used 12809K, committed 13056K, reserved 421888K
}
Event: 36.935 GC heap before
{Heap before GC invocations=74 (full 0):
 garbage-first heap   total 217088K, used 177507K [0x0000000080000000, 0x0000000100000000)
  region size 1024K, 94 young (96256K), 6 survivors (6144K)
 Metaspace       used 111832K, committed 112384K, reserved 520192K
  class space    used 14224K, committed 14464K, reserved 421888K
}
Event: 36.940 GC heap after
{Heap after GC invocations=75 (full 0):
 garbage-first heap   total 217088K, used 90313K [0x0000000080000000, 0x0000000100000000)
  region size 1024K, 8 young (8192K), 8 survivors (8192K)
 Metaspace       used 111832K, committed 112384K, reserved 520192K
  class space    used 14224K, committed 14464K, reserved 421888K
}
Event: 37.157 GC heap before
{Heap before GC invocations=75 (full 0):
 garbage-first heap   total 217088K, used 91337K [0x0000000080000000, 0x0000000100000000)
  region size 1024K, 10 young (10240K), 8 survivors (8192K)
 Metaspace       used 112137K, committed 112704K, reserved 520192K
  class space    used 14265K, committed 14528K, reserved 421888K
}
Event: 37.161 GC heap after
{Heap after GC invocations=76 (full 0):
 garbage-first heap   total 217088K, used 90285K [0x0000000080000000, 0x0000000100000000)
  region size 1024K, 2 young (2048K), 2 survivors (2048K)
 Metaspace       used 112137K, committed 112704K, reserved 520192K
  class space    used 14265K, committed 14528K, reserved 421888K
}

